Copyright 1986-2019 Xilinx, Inc. All Rights Reserved.
----------------------------------------------------------------------------------------------------------------------------------------------------------------
| Tool Version     : Vivado v.2019.1 (lin64) Build 2552052 Fri May 24 14:47:09 MDT 2019
| Date             : Sun Mar 15 18:26:07 2020
| Host             : neo-VirtualBox running 64-bit Ubuntu 16.04.6 LTS
| Command          : report_power -file nexys_a7_nnCpu_power_routed.rpt -pb nexys_a7_nnCpu_power_summary_routed.pb -rpx nexys_a7_nnCpu_power_routed.rpx
| Design           : nexys_a7_nnCpu
| Device           : xc7a100tcsg324-1
| Design State     : routed
| Grade            : commercial
| Process          : typical
| Characterization : Production
----------------------------------------------------------------------------------------------------------------------------------------------------------------

Power Report

Table of Contents
-----------------
1. Summary
1.1 On-Chip Components
1.2 Power Supply Summary
1.3 Confidence Level
2. Settings
2.1 Environment
2.2 Clock Constraints
3. Detailed Reports
3.1 By Hierarchy

1. Summary
----------

+--------------------------+--------------+
| Total On-Chip Power (W)  | 0.489        |
| Design Power Budget (W)  | Unspecified* |
| Power Budget Margin (W)  | NA           |
| Dynamic (W)              | 0.391        |
| Device Static (W)        | 0.098        |
| Effective TJA (C/W)      | 4.6          |
| Max Ambient (C)          | 82.8         |
| Junction Temperature (C) | 27.2         |
| Confidence Level         | Low          |
| Setting File             | ---          |
| Simulation Activity File | ---          |
| Design Nets Matched      | NA           |
+--------------------------+--------------+
* Specify Design Power Budget using, set_operating_conditions -design_power_budget <value in Watts>


1.1 On-Chip Components
----------------------

+--------------------------+-----------+----------+-----------+-----------------+
| On-Chip                  | Power (W) | Used     | Available | Utilization (%) |
+--------------------------+-----------+----------+-----------+-----------------+
| Clocks                   |    <0.001 |        3 |       --- |             --- |
| Slice Logic              |     0.192 |    18974 |       --- |             --- |
|   LUT as Logic           |     0.174 |    12285 |     63400 |           19.38 |
|   LUT as Distributed RAM |     0.015 |     2048 |     19000 |           10.78 |
|   F7/F8 Muxes            |     0.003 |     1600 |     63400 |            2.52 |
|   CARRY4                 |    <0.001 |       71 |     15850 |            0.45 |
|   Register               |    <0.001 |     1240 |    126800 |            0.98 |
|   BUFG                   |    <0.001 |        1 |        32 |            3.13 |
|   Others                 |     0.000 |        7 |       --- |             --- |
| Signals                  |     0.198 |    14563 |       --- |             --- |
| I/O                      |    <0.001 |       27 |       210 |           12.86 |
| Static Power             |     0.098 |          |           |                 |
| Total                    |     0.489 |          |           |                 |
+--------------------------+-----------+----------+-----------+-----------------+


1.2 Power Supply Summary
------------------------

+-----------+-------------+-----------+-------------+------------+
| Source    | Voltage (V) | Total (A) | Dynamic (A) | Static (A) |
+-----------+-------------+-----------+-------------+------------+
| Vccint    |       1.000 |     0.407 |       0.391 |      0.016 |
| Vccaux    |       1.800 |     0.018 |       0.000 |      0.018 |
| Vcco33    |       3.300 |     0.004 |       0.000 |      0.004 |
| Vcco25    |       2.500 |     0.000 |       0.000 |      0.000 |
| Vcco18    |       1.800 |     0.000 |       0.000 |      0.000 |
| Vcco15    |       1.500 |     0.000 |       0.000 |      0.000 |
| Vcco135   |       1.350 |     0.000 |       0.000 |      0.000 |
| Vcco12    |       1.200 |     0.000 |       0.000 |      0.000 |
| Vccaux_io |       1.800 |     0.000 |       0.000 |      0.000 |
| Vccbram   |       1.000 |     0.000 |       0.000 |      0.000 |
| MGTAVcc   |       1.000 |     0.000 |       0.000 |      0.000 |
| MGTAVtt   |       1.200 |     0.000 |       0.000 |      0.000 |
| Vccadc    |       1.800 |     0.020 |       0.000 |      0.020 |
+-----------+-------------+-----------+-------------+------------+


1.3 Confidence Level
--------------------

+-----------------------------+------------+--------------------------------------------------------+--------------------------------------------------------------------------------------------------------------------+
| User Input Data             | Confidence | Details                                                | Action                                                                                                             |
+-----------------------------+------------+--------------------------------------------------------+--------------------------------------------------------------------------------------------------------------------+
| Design implementation state | High       | Design is routed                                       |                                                                                                                    |
| Clock nodes activity        | Low        | User specified less than 75% of clocks                 | Provide missing clock activity with a constraint file, simulation results or by editing the "By Clock Domain" view |
| I/O nodes activity          | Low        | More than 75% of inputs are missing user specification | Provide missing input activity with simulation results or by editing the "By Resource Type -> I/Os" view           |
| Internal nodes activity     | Medium     | User specified less than 25% of internal nodes         | Provide missing internal nodes activity with simulation results or by editing the "By Resource Type" views         |
| Device models               | High       | Device models are Production                           |                                                                                                                    |
|                             |            |                                                        |                                                                                                                    |
| Overall confidence level    | Low        |                                                        |                                                                                                                    |
+-----------------------------+------------+--------------------------------------------------------+--------------------------------------------------------------------------------------------------------------------+


2. Settings
-----------

2.1 Environment
---------------

+-----------------------+--------------------------+
| Ambient Temp (C)      | 25.0                     |
| ThetaJA (C/W)         | 4.6                      |
| Airflow (LFM)         | 250                      |
| Heat Sink             | medium (Medium Profile)  |
| ThetaSA (C/W)         | 4.6                      |
| Board Selection       | medium (10"x10")         |
| # of Board Layers     | 12to15 (12 to 15 Layers) |
| Board Temperature (C) | 25.0                     |
+-----------------------+--------------------------+


2.2 Clock Constraints
---------------------

+-------------+-----------+-----------------+
| Clock       | Domain    | Constraint (ns) |
+-------------+-----------+-----------------+
| sys_clk_pin | CLK100MHZ |            10.0 |
+-------------+-----------+-----------------+


3. Detailed Reports
-------------------

3.1 By Hierarchy
----------------

+----------------+-----------+
| Name           | Power (W) |
+----------------+-----------+
| nexys_a7_nnCpu |     0.391 |
|   nnRvSoc      |     0.389 |
+----------------+-----------+


