
*** Running vivado
    with args -log nexys_a7_nnCpu.vds -m64 -product Vivado -mode batch -messageDb vivado.pb -notrace -source nexys_a7_nnCpu.tcl


****** Vivado v2019.1 (64-bit)
  **** SW Build 2552052 on Fri May 24 14:47:09 MDT 2019
  **** IP Build 2548770 on Fri May 24 18:01:18 MDT 2019
    ** Copyright 1986-2019 Xilinx, Inc. All Rights Reserved.

source nexys_a7_nnCpu.tcl -notrace
Command: synth_design -top nexys_a7_nnCpu -part xc7a100tcsg324-1
Starting synth_design
Attempting to get a license for feature 'Synthesis' and/or device 'xc7a100t'
INFO: [Common 17-349] Got license for feature 'Synthesis' and/or device 'xc7a100t'
INFO: [Device 21-403] Loading part xc7a100tcsg324-1
INFO: Launching helper process for spawning children vivado processes
INFO: Helper process launched with PID 28082 
---------------------------------------------------------------------------------
Starting RTL Elaboration : Time (s): cpu = 00:00:06 ; elapsed = 00:00:08 . Memory (MB): peak = 1707.965 ; gain = 152.715 ; free physical = 2305 ; free virtual = 4520
---------------------------------------------------------------------------------
INFO: [Synth 8-6157] synthesizing module 'nexys_a7_nnCpu' [/home/neo/disk/fpga/nnCpu/vivado_prj/project_1/project_1.srcs/sources_1/imports/nnCpu/nexys-a7-vga.v:2]
INFO: [Synth 8-6157] synthesizing module 'nnRvSoc' [/home/neo/disk/fpga/nnCpu/vivado_prj/project_1/project_1.srcs/sources_1/imports/nnCpu/nnRv.v:36]
INFO: [Synth 8-155] case statement is not full and has no default [/home/neo/disk/fpga/nnCpu/vivado_prj/project_1/project_1.srcs/sources_1/imports/nnCpu/nnRv.v:210]
INFO: [Synth 8-155] case statement is not full and has no default [/home/neo/disk/fpga/nnCpu/vivado_prj/project_1/project_1.srcs/sources_1/imports/nnCpu/nnRv.v:219]
INFO: [Synth 8-155] case statement is not full and has no default [/home/neo/disk/fpga/nnCpu/vivado_prj/project_1/project_1.srcs/sources_1/imports/nnCpu/nnRv.v:233]
INFO: [Synth 8-155] case statement is not full and has no default [/home/neo/disk/fpga/nnCpu/vivado_prj/project_1/project_1.srcs/sources_1/imports/nnCpu/nnRv.v:247]
WARNING: [Synth 8-6090] variable 'REG' is written by both blocking and non-blocking assignments, entire logic could be removed [/home/neo/disk/fpga/nnCpu/vivado_prj/project_1/project_1.srcs/sources_1/imports/nnCpu/nnRv.v:273]
WARNING: [Synth 8-6090] variable 'REG' is written by both blocking and non-blocking assignments, entire logic could be removed [/home/neo/disk/fpga/nnCpu/vivado_prj/project_1/project_1.srcs/sources_1/imports/nnCpu/nnRv.v:275]
INFO: [Synth 8-6155] done synthesizing module 'nnRvSoc' (1#1) [/home/neo/disk/fpga/nnCpu/vivado_prj/project_1/project_1.srcs/sources_1/imports/nnCpu/nnRv.v:36]
INFO: [Synth 8-6157] synthesizing module 'vgaTop' [/home/neo/disk/fpga/nnCpu/vivado_prj/project_1/project_1.srcs/sources_1/imports/nnCpu/vgaTop.v:5]
INFO: [Synth 8-6157] synthesizing module 'vga800x600' [/home/neo/disk/fpga/nnCpu/vivado_prj/project_1/project_1.srcs/sources_1/imports/nnCpu/vga800x600.v:8]
	Parameter HS_STA bound to: 40 - type: integer 
	Parameter HS_END bound to: 168 - type: integer 
	Parameter HA_STA bound to: 256 - type: integer 
	Parameter VS_STA bound to: 601 - type: integer 
	Parameter VS_END bound to: 605 - type: integer 
	Parameter VA_END bound to: 600 - type: integer 
	Parameter LINE bound to: 1056 - type: integer 
	Parameter SCREEN bound to: 628 - type: integer 
INFO: [Synth 8-6155] done synthesizing module 'vga800x600' (2#1) [/home/neo/disk/fpga/nnCpu/vivado_prj/project_1/project_1.srcs/sources_1/imports/nnCpu/vga800x600.v:8]
WARNING: [Synth 8-7023] instance 'display' of module 'vga800x600' has 11 connections declared, but only 7 given [/home/neo/disk/fpga/nnCpu/vivado_prj/project_1/project_1.srcs/sources_1/imports/nnCpu/vgaTop.v:29]
WARNING: [Synth 8-3848] Net VGA_G in module/entity vgaTop does not have driver. [/home/neo/disk/fpga/nnCpu/vivado_prj/project_1/project_1.srcs/sources_1/imports/nnCpu/vgaTop.v:11]
WARNING: [Synth 8-3848] Net VGA_B in module/entity vgaTop does not have driver. [/home/neo/disk/fpga/nnCpu/vivado_prj/project_1/project_1.srcs/sources_1/imports/nnCpu/vgaTop.v:12]
INFO: [Synth 8-6155] done synthesizing module 'vgaTop' (3#1) [/home/neo/disk/fpga/nnCpu/vivado_prj/project_1/project_1.srcs/sources_1/imports/nnCpu/vgaTop.v:5]
INFO: [Synth 8-6155] done synthesizing module 'nexys_a7_nnCpu' (4#1) [/home/neo/disk/fpga/nnCpu/vivado_prj/project_1/project_1.srcs/sources_1/imports/nnCpu/nexys-a7-vga.v:2]
WARNING: [Synth 8-3331] design vgaTop has unconnected port VGA_R[2]
WARNING: [Synth 8-3331] design vgaTop has unconnected port VGA_R[1]
WARNING: [Synth 8-3331] design vgaTop has unconnected port VGA_R[0]
WARNING: [Synth 8-3331] design vgaTop has unconnected port VGA_G[3]
WARNING: [Synth 8-3331] design vgaTop has unconnected port VGA_G[2]
WARNING: [Synth 8-3331] design vgaTop has unconnected port VGA_G[1]
WARNING: [Synth 8-3331] design vgaTop has unconnected port VGA_G[0]
WARNING: [Synth 8-3331] design vgaTop has unconnected port VGA_B[3]
WARNING: [Synth 8-3331] design vgaTop has unconnected port VGA_B[2]
WARNING: [Synth 8-3331] design vgaTop has unconnected port VGA_B[1]
WARNING: [Synth 8-3331] design vgaTop has unconnected port VGA_B[0]
---------------------------------------------------------------------------------
Finished RTL Elaboration : Time (s): cpu = 00:00:10 ; elapsed = 00:00:12 . Memory (MB): peak = 1790.715 ; gain = 235.465 ; free physical = 2286 ; free virtual = 4502
---------------------------------------------------------------------------------

Report Check Netlist: 
+------+------------------+-------+---------+-------+------------------+
|      |Item              |Errors |Warnings |Status |Description       |
+------+------------------+-------+---------+-------+------------------+
|1     |multi_driven_nets |      0|        0|Passed |Multi driven nets |
+------+------------------+-------+---------+-------+------------------+
---------------------------------------------------------------------------------
Start Handling Custom Attributes
---------------------------------------------------------------------------------
---------------------------------------------------------------------------------
Finished Handling Custom Attributes : Time (s): cpu = 00:00:11 ; elapsed = 00:00:14 . Memory (MB): peak = 1808.527 ; gain = 253.277 ; free physical = 2294 ; free virtual = 4510
---------------------------------------------------------------------------------
---------------------------------------------------------------------------------
Finished RTL Optimization Phase 1 : Time (s): cpu = 00:00:11 ; elapsed = 00:00:14 . Memory (MB): peak = 1808.527 ; gain = 253.277 ; free physical = 2294 ; free virtual = 4510
---------------------------------------------------------------------------------
INFO: [Project 1-570] Preparing netlist for logic optimization

Processing XDC Constraints
Initializing timing engine
Parsing XDC File [/home/neo/disk/fpga/nnCpu/vivado_prj/project_1/project_1.srcs/constrs_1/imports/nnCpu/Nexys-A7-100T-Master.xdc]
Finished Parsing XDC File [/home/neo/disk/fpga/nnCpu/vivado_prj/project_1/project_1.srcs/constrs_1/imports/nnCpu/Nexys-A7-100T-Master.xdc]
INFO: [Project 1-236] Implementation specific constraints were found while reading constraint file [/home/neo/disk/fpga/nnCpu/vivado_prj/project_1/project_1.srcs/constrs_1/imports/nnCpu/Nexys-A7-100T-Master.xdc]. These constraints will be ignored for synthesis but will be used in implementation. Impacted constraints are listed in the file [.Xil/nexys_a7_nnCpu_propImpl.xdc].
Resolution: To avoid this warning, move constraints listed in [.Xil/nexys_a7_nnCpu_propImpl.xdc] to another XDC file and exclude this new file from synthesis with the used_in_synthesis property (File Properties dialog in GUI) and re-run elaboration/synthesis.
Completed Processing XDC Constraints

Netlist sorting complete. Time (s): cpu = 00:00:00 ; elapsed = 00:00:00.01 . Memory (MB): peak = 1956.035 ; gain = 0.000 ; free physical = 2152 ; free virtual = 4368
INFO: [Project 1-111] Unisim Transformation Summary:
No Unisim elements were transformed.

Constraint Validation Runtime : Time (s): cpu = 00:00:00.02 ; elapsed = 00:00:00.02 . Memory (MB): peak = 1956.035 ; gain = 0.000 ; free physical = 2152 ; free virtual = 4368
---------------------------------------------------------------------------------
Finished Constraint Validation : Time (s): cpu = 00:00:27 ; elapsed = 00:00:32 . Memory (MB): peak = 1956.035 ; gain = 400.785 ; free physical = 2267 ; free virtual = 4483
---------------------------------------------------------------------------------
---------------------------------------------------------------------------------
Start Loading Part and Timing Information
---------------------------------------------------------------------------------
Loading part: xc7a100tcsg324-1
---------------------------------------------------------------------------------
Finished Loading Part and Timing Information : Time (s): cpu = 00:00:27 ; elapsed = 00:00:32 . Memory (MB): peak = 1956.035 ; gain = 400.785 ; free physical = 2267 ; free virtual = 4483
---------------------------------------------------------------------------------
---------------------------------------------------------------------------------
Start Applying 'set_property' XDC Constraints
---------------------------------------------------------------------------------
---------------------------------------------------------------------------------
Finished applying 'set_property' XDC Constraints : Time (s): cpu = 00:00:27 ; elapsed = 00:00:32 . Memory (MB): peak = 1956.035 ; gain = 400.785 ; free physical = 2267 ; free virtual = 4483
---------------------------------------------------------------------------------
---------------------------------------------------------------------------------
Finished RTL Optimization Phase 2 : Time (s): cpu = 00:00:34 ; elapsed = 00:00:40 . Memory (MB): peak = 1956.035 ; gain = 400.785 ; free physical = 2251 ; free virtual = 4468
---------------------------------------------------------------------------------

Report RTL Partitions: 
+------+--------------------+------------+----------+
|      |RTL Partition       |Replication |Instances |
+------+--------------------+------------+----------+
|1     |nnRvSoc__GB0        |           1|     31588|
|2     |nnRvSoc__GB1        |           1|     11901|
|3     |nnRvSoc__GB2        |           1|     13969|
|4     |nnRvSoc__GB3        |           1|     16234|
|5     |nexys_a7_nnCpu__GC0 |           1|       743|
+------+--------------------+------------+----------+
---------------------------------------------------------------------------------
Start RTL Component Statistics 
---------------------------------------------------------------------------------
Detailed RTL Component Info : 
+---Adders : 
	   2 Input     32 Bit       Adders := 2     
	   3 Input     32 Bit       Adders := 1     
	   2 Input     17 Bit       Adders := 1     
	   2 Input     11 Bit       Adders := 2     
	   2 Input     10 Bit       Adders := 1     
+---XORs : 
	   2 Input     32 Bit         XORs := 1     
+---Registers : 
	               32 Bit    Registers := 36    
	               16 Bit    Registers := 1     
	               11 Bit    Registers := 1     
	               10 Bit    Registers := 1     
	                1 Bit    Registers := 3     
+---RAMs : 
	              32K Bit         RAMs := 1     
+---Muxes : 
	   2 Input     32 Bit        Muxes := 548   
	   4 Input     32 Bit        Muxes := 33    
	   3 Input     32 Bit        Muxes := 31    
	  32 Input     32 Bit        Muxes := 1     
	   2 Input     16 Bit        Muxes := 33    
	   2 Input     11 Bit        Muxes := 2     
	   2 Input     10 Bit        Muxes := 4     
	   2 Input      1 Bit        Muxes := 136   
	   8 Input      1 Bit        Muxes := 31    
	   4 Input      1 Bit        Muxes := 1     
---------------------------------------------------------------------------------
Finished RTL Component Statistics 
---------------------------------------------------------------------------------
---------------------------------------------------------------------------------
Start RTL Hierarchical Component Statistics 
---------------------------------------------------------------------------------
Hierarchical RTL Component report 
Module nexys_a7_nnCpu 
Detailed RTL Component Info : 
+---Registers : 
	                1 Bit    Registers := 2     
Module nnRvSoc 
Detailed RTL Component Info : 
+---Adders : 
	   2 Input     32 Bit       Adders := 2     
	   3 Input     32 Bit       Adders := 1     
+---XORs : 
	   2 Input     32 Bit         XORs := 1     
+---Registers : 
	               32 Bit    Registers := 36    
+---RAMs : 
	              32K Bit         RAMs := 1     
+---Muxes : 
	   2 Input     32 Bit        Muxes := 548   
	   4 Input     32 Bit        Muxes := 33    
	   3 Input     32 Bit        Muxes := 31    
	  32 Input     32 Bit        Muxes := 1     
	   2 Input     16 Bit        Muxes := 33    
	   2 Input      1 Bit        Muxes := 133   
	   8 Input      1 Bit        Muxes := 31    
	   4 Input      1 Bit        Muxes := 1     
Module vga800x600 
Detailed RTL Component Info : 
+---Adders : 
	   2 Input     11 Bit       Adders := 2     
	   2 Input     10 Bit       Adders := 1     
+---Registers : 
	               11 Bit    Registers := 1     
	               10 Bit    Registers := 1     
+---Muxes : 
	   2 Input     11 Bit        Muxes := 2     
	   2 Input     10 Bit        Muxes := 4     
	   2 Input      1 Bit        Muxes := 3     
Module vgaTop 
Detailed RTL Component Info : 
+---Adders : 
	   2 Input     17 Bit       Adders := 1     
+---Registers : 
	               16 Bit    Registers := 1     
	                1 Bit    Registers := 1     
---------------------------------------------------------------------------------
Finished RTL Hierarchical Component Statistics
---------------------------------------------------------------------------------
---------------------------------------------------------------------------------
Start Part Resource Summary
---------------------------------------------------------------------------------
Part Resources:
DSPs: 240 (col length:80)
BRAMs: 270 (col length: RAMB18 80 RAMB36 40)
---------------------------------------------------------------------------------
Finished Part Resource Summary
---------------------------------------------------------------------------------
---------------------------------------------------------------------------------
Start Cross Boundary and Area Optimization
---------------------------------------------------------------------------------
Warning: Parallel synthesis criteria is not met 
---------------------------------------------------------------------------------
Finished Cross Boundary and Area Optimization : Time (s): cpu = 00:01:33 ; elapsed = 00:01:41 . Memory (MB): peak = 1957.035 ; gain = 401.785 ; free physical = 2185 ; free virtual = 4417
---------------------------------------------------------------------------------
---------------------------------------------------------------------------------
Start ROM, RAM, DSP and Shift Register Reporting
---------------------------------------------------------------------------------

Distributed RAM: Preliminary Mapping  Report (see note below)
+---------------+------------+-----------+----------------------+-------------------+
|Module Name    | RTL Object | Inference | Size (Depth x Width) | Primitives        | 
+---------------+------------+-----------+----------------------+-------------------+
|nexys_a7_nnCpu | RAM_reg    | Implied   | 1 K x 32             | RAM128X1D x 256   | 
+---------------+------------+-----------+----------------------+-------------------+

Note: The table above is a preliminary report that shows the Distributed RAMs at the current stage of the synthesis flow. Some Distributed RAMs may be reimplemented as non Distributed RAM primitives later in the synthesis flow. Multiple instantiated RAMs are reported only once.
---------------------------------------------------------------------------------
Finished ROM, RAM, DSP and Shift Register Reporting
---------------------------------------------------------------------------------

Report RTL Partitions: 
+------+--------------------+------------+----------+
|      |RTL Partition       |Replication |Instances |
+------+--------------------+------------+----------+
|1     |nnRvSoc__GB0        |           1|     17589|
|2     |nnRvSoc__GB1        |           1|      3169|
|3     |nnRvSoc__GB2        |           1|     11252|
|4     |nnRvSoc__GB3        |           1|      9708|
|5     |nexys_a7_nnCpu__GC0 |           1|       524|
+------+--------------------+------------+----------+
---------------------------------------------------------------------------------
Start Applying XDC Timing Constraints
---------------------------------------------------------------------------------
---------------------------------------------------------------------------------
Finished Applying XDC Timing Constraints : Time (s): cpu = 00:01:48 ; elapsed = 00:01:57 . Memory (MB): peak = 1957.035 ; gain = 401.785 ; free physical = 2076 ; free virtual = 4308
---------------------------------------------------------------------------------
---------------------------------------------------------------------------------
Start Timing Optimization
---------------------------------------------------------------------------------
---------------------------------------------------------------------------------
Finished Timing Optimization : Time (s): cpu = 00:01:56 ; elapsed = 00:02:05 . Memory (MB): peak = 1957.035 ; gain = 401.785 ; free physical = 2058 ; free virtual = 4292
---------------------------------------------------------------------------------
---------------------------------------------------------------------------------
Start ROM, RAM, DSP and Shift Register Reporting
---------------------------------------------------------------------------------

Distributed RAM: Final Mapping  Report
+---------------+------------+-----------+----------------------+-------------------+
|Module Name    | RTL Object | Inference | Size (Depth x Width) | Primitives        | 
+---------------+------------+-----------+----------------------+-------------------+
|nexys_a7_nnCpu | RAM_reg    | Implied   | 1 K x 32             | RAM128X1D x 256   | 
+---------------+------------+-----------+----------------------+-------------------+

---------------------------------------------------------------------------------
Finished ROM, RAM, DSP and Shift Register Reporting
---------------------------------------------------------------------------------

Report RTL Partitions: 
+------+--------------------+------------+----------+
|      |RTL Partition       |Replication |Instances |
+------+--------------------+------------+----------+
|1     |nnRvSoc__GB0        |           1|     17589|
|2     |nnRvSoc__GB1        |           1|      3169|
|3     |nnRvSoc__GB2        |           1|     11252|
|4     |nnRvSoc__GB3        |           1|      9708|
|5     |nexys_a7_nnCpu__GC0 |           1|       524|
+------+--------------------+------------+----------+
---------------------------------------------------------------------------------
Start Technology Mapping
---------------------------------------------------------------------------------
---------------------------------------------------------------------------------
Finished Technology Mapping : Time (s): cpu = 00:02:10 ; elapsed = 00:02:19 . Memory (MB): peak = 2003.051 ; gain = 447.801 ; free physical = 2057 ; free virtual = 4289
---------------------------------------------------------------------------------

Report RTL Partitions: 
+-+--------------+------------+----------+
| |RTL Partition |Replication |Instances |
+-+--------------+------------+----------+
+-+--------------+------------+----------+
---------------------------------------------------------------------------------
Start IO Insertion
---------------------------------------------------------------------------------
---------------------------------------------------------------------------------
Start Flattening Before IO Insertion
---------------------------------------------------------------------------------
---------------------------------------------------------------------------------
Finished Flattening Before IO Insertion
---------------------------------------------------------------------------------
---------------------------------------------------------------------------------
Start Final Netlist Cleanup
---------------------------------------------------------------------------------
---------------------------------------------------------------------------------
Finished Final Netlist Cleanup
---------------------------------------------------------------------------------
---------------------------------------------------------------------------------
Finished IO Insertion : Time (s): cpu = 00:02:15 ; elapsed = 00:02:24 . Memory (MB): peak = 2006.020 ; gain = 450.770 ; free physical = 2057 ; free virtual = 4289
---------------------------------------------------------------------------------

Report Check Netlist: 
+------+------------------+-------+---------+-------+------------------+
|      |Item              |Errors |Warnings |Status |Description       |
+------+------------------+-------+---------+-------+------------------+
|1     |multi_driven_nets |      0|        0|Passed |Multi driven nets |
+------+------------------+-------+---------+-------+------------------+
---------------------------------------------------------------------------------
Start Renaming Generated Instances
---------------------------------------------------------------------------------
---------------------------------------------------------------------------------
Finished Renaming Generated Instances : Time (s): cpu = 00:02:15 ; elapsed = 00:02:25 . Memory (MB): peak = 2006.020 ; gain = 450.770 ; free physical = 2057 ; free virtual = 4289
---------------------------------------------------------------------------------

Report RTL Partitions: 
+-+--------------+------------+----------+
| |RTL Partition |Replication |Instances |
+-+--------------+------------+----------+
+-+--------------+------------+----------+
---------------------------------------------------------------------------------
Start Rebuilding User Hierarchy
---------------------------------------------------------------------------------
---------------------------------------------------------------------------------
Finished Rebuilding User Hierarchy : Time (s): cpu = 00:02:16 ; elapsed = 00:02:26 . Memory (MB): peak = 2006.020 ; gain = 450.770 ; free physical = 2057 ; free virtual = 4289
---------------------------------------------------------------------------------
---------------------------------------------------------------------------------
Start Renaming Generated Ports
---------------------------------------------------------------------------------
---------------------------------------------------------------------------------
Finished Renaming Generated Ports : Time (s): cpu = 00:02:16 ; elapsed = 00:02:26 . Memory (MB): peak = 2006.020 ; gain = 450.770 ; free physical = 2057 ; free virtual = 4289
---------------------------------------------------------------------------------
---------------------------------------------------------------------------------
Start Handling Custom Attributes
---------------------------------------------------------------------------------
---------------------------------------------------------------------------------
Finished Handling Custom Attributes : Time (s): cpu = 00:02:24 ; elapsed = 00:02:34 . Memory (MB): peak = 2006.020 ; gain = 450.770 ; free physical = 2057 ; free virtual = 4289
---------------------------------------------------------------------------------
---------------------------------------------------------------------------------
Start Renaming Generated Nets
---------------------------------------------------------------------------------
---------------------------------------------------------------------------------
Finished Renaming Generated Nets : Time (s): cpu = 00:02:24 ; elapsed = 00:02:34 . Memory (MB): peak = 2006.020 ; gain = 450.770 ; free physical = 2057 ; free virtual = 4289
---------------------------------------------------------------------------------
---------------------------------------------------------------------------------
Start Writing Synthesis Report
---------------------------------------------------------------------------------

Report BlackBoxes: 
+-+--------------+----------+
| |BlackBox name |Instances |
+-+--------------+----------+
+-+--------------+----------+

Report Cell Usage: 
+------+----------+------+
|      |Cell      |Count |
+------+----------+------+
|1     |BUFG      |     2|
|2     |CARRY4    |    51|
|3     |LUT1      |    10|
|4     |LUT2      |   342|
|5     |LUT3      |   378|
|6     |LUT4      |   960|
|7     |LUT5      |  1910|
|8     |LUT6      |  6153|
|9     |MUXF7     |   549|
|10    |RAM128X1D |   256|
|11    |FDRE      |  1208|
|12    |IBUF      |     5|
|13    |OBUF      |    22|
+------+----------+------+

Report Instance Areas: 
+------+------------+-----------+------+
|      |Instance    |Module     |Cells |
+------+------------+-----------+------+
|1     |top         |           | 11846|
|2     |  nnRvSoc   |nnRvSoc    | 11642|
|3     |  vgaTop    |vgaTop     |   146|
|4     |    display |vga800x600 |   108|
+------+------------+-----------+------+
---------------------------------------------------------------------------------
Finished Writing Synthesis Report : Time (s): cpu = 00:02:24 ; elapsed = 00:02:34 . Memory (MB): peak = 2006.020 ; gain = 450.770 ; free physical = 2057 ; free virtual = 4289
---------------------------------------------------------------------------------
Synthesis finished with 0 errors, 0 critical warnings and 0 warnings.
Synthesis Optimization Runtime : Time (s): cpu = 00:02:15 ; elapsed = 00:02:24 . Memory (MB): peak = 2006.020 ; gain = 303.262 ; free physical = 2108 ; free virtual = 4340
Synthesis Optimization Complete : Time (s): cpu = 00:02:24 ; elapsed = 00:02:34 . Memory (MB): peak = 2006.027 ; gain = 450.770 ; free physical = 2122 ; free virtual = 4354
INFO: [Project 1-571] Translating synthesized netlist
INFO: [Netlist 29-17] Analyzing 856 Unisim elements for replacement
INFO: [Netlist 29-28] Unisim Transformation completed in 0 CPU seconds
WARNING: [Netlist 29-101] Netlist 'nexys_a7_nnCpu' is not ideal for floorplanning, since the cellview 'nnRvSoc' contains a large number of primitives.  Please consider enabling hierarchy in synthesis if you want to do floorplanning.
INFO: [Project 1-570] Preparing netlist for logic optimization
INFO: [Opt 31-138] Pushed 0 inverter(s) to 0 load pin(s).
Netlist sorting complete. Time (s): cpu = 00:00:00 ; elapsed = 00:00:00 . Memory (MB): peak = 2006.027 ; gain = 0.000 ; free physical = 2066 ; free virtual = 4298
INFO: [Project 1-111] Unisim Transformation Summary:
  A total of 256 instances were transformed.
  RAM128X1D => RAM128X1D (RAMD64E, RAMD64E, MUXF7, MUXF7, RAMD64E, RAMD64E): 256 instances

INFO: [Common 17-83] Releasing license: Synthesis
24 Infos, 17 Warnings, 0 Critical Warnings and 0 Errors encountered.
synth_design completed successfully
synth_design: Time (s): cpu = 00:02:35 ; elapsed = 00:02:45 . Memory (MB): peak = 2006.027 ; gain = 621.945 ; free physical = 2175 ; free virtual = 4407
Netlist sorting complete. Time (s): cpu = 00:00:00.01 ; elapsed = 00:00:00.01 . Memory (MB): peak = 2006.027 ; gain = 0.000 ; free physical = 2175 ; free virtual = 4407
WARNING: [Constraints 18-5210] No constraints selected for write.
Resolution: This message can indicate that there are no constraints for the design, or it can indicate that the used_in flags are set such that the constraints are ignored. This later case is used when running synth_design to not write synthesis constraints to the resulting checkpoint. Instead, project constraints are read when the synthesized design is opened.
INFO: [Common 17-1381] The checkpoint '/home/neo/disk/fpga/nnCpu/vivado_prj/project_1/project_1.runs/synth_1/nexys_a7_nnCpu.dcp' has been generated.
INFO: [runtcl-4] Executing : report_utilization -file nexys_a7_nnCpu_utilization_synth.rpt -pb nexys_a7_nnCpu_utilization_synth.pb
INFO: [Common 17-206] Exiting Vivado at Sat Mar  7 00:13:59 2020...
